<?xml version="1.0" encoding="UTF-8"?>
<testsuite xmlns:xsi="http://www.w3.org/2001/XMLSchema-instance" xsi:noNamespaceSchemaLocation="https://maven.apache.org/surefire/maven-surefire-plugin/xsd/surefire-test-report.xsd" name="com.Calculator.CalculatorTests" time="0.063" tests="5" errors="0" skipped="0" failures="0">
  <properties>
    <property name="sun.desktop" value="gnome"/>
    <property name="awt.toolkit" value="sun.awt.X11.XToolkit"/>
    <property name="file.encoding.pkg" value="sun.io"/>
    <property name="java.specification.version" value="1.8"/>
    <property name="sun.cpu.isalist" value=""/>
    <property name="sun.jnu.encoding" value="UTF-8"/>
    <property name="java.class.path" value="/home/somesh/Calculator/target/test-classes:/home/somesh/Calculator/target/classes:/home/somesh/.m2/repository/ch/qos/logback/logback-classic/1.0.13/logback-classic-1.0.13.jar:/home/somesh/.m2/repository/ch/qos/logback/logback-core/1.0.13/logback-core-1.0.13.jar:/home/somesh/.m2/repository/org/slf4j/slf4j-api/1.7.5/slf4j-api-1.7.5.jar:/home/somesh/.m2/repository/org/eclipse/rdf4j/rdf4j-runtime/2.0M2/rdf4j-runtime-2.0M2.jar:/home/somesh/.m2/repository/org/eclipse/rdf4j/rdf4j-model/2.0M2/rdf4j-model-2.0M2.jar:/home/somesh/.m2/repository/org/eclipse/rdf4j/rdf4j-util/2.0M2/rdf4j-util-2.0M2.jar:/home/somesh/.m2/repository/com/google/guava/guava/18.0/guava-18.0.jar:/home/somesh/.m2/repository/org/eclipse/rdf4j/rdf4j-repository-api/2.0M2/rdf4j-repository-api-2.0M2.jar:/home/somesh/.m2/repository/org/eclipse/rdf4j/rdf4j-query/2.0M2/rdf4j-query-2.0M2.jar:/home/somesh/.m2/repository/org/eclipse/rdf4j/rdf4j-repository-manager/2.0M2/rdf4j-repository-manager-2.0M2.jar:/home/somesh/.m2/repository/org/eclipse/rdf4j/rdf4j-repository-event/2.0M2/rdf4j-repository-event-2.0M2.jar:/home/somesh/.m2/repository/org/eclipse/rdf4j/rdf4j-repository-http/2.0M2/rdf4j-repository-http-2.0M2.jar:/home/somesh/.m2/repository/org/eclipse/rdf4j/rdf4j-repository-sparql/2.0M2/rdf4j-repository-sparql-2.0M2.jar:/home/somesh/.m2/repository/org/eclipse/rdf4j/rdf4j-repository-contextaware/2.0M2/rdf4j-repository-contextaware-2.0M2.jar:/home/somesh/.m2/repository/org/eclipse/rdf4j/rdf4j-repository-sail/2.0M2/rdf4j-repository-sail-2.0M2.jar:/home/somesh/.m2/repository/org/eclipse/rdf4j/rdf4j-queryalgebra-model/2.0M2/rdf4j-queryalgebra-model-2.0M2.jar:/home/somesh/.m2/repository/org/eclipse/rdf4j/rdf4j-queryalgebra-evaluation/2.0M2/rdf4j-queryalgebra-evaluation-2.0M2.jar:/home/somesh/.m2/repository/org/mapdb/mapdb/1.0.8/mapdb-1.0.8.jar:/home/somesh/.m2/repository/org/eclipse/rdf4j/rdf4j-http-client/2.0M2/rdf4j-http-client-2.0M2.jar:/home/somesh/.m2/repository/org/apache/httpcomponents/httpclient/4.5.2/httpclient-4.5.2.jar:/home/somesh/.m2/repository/org/apache/httpcomponents/httpcore/4.4.4/httpcore-4.4.4.jar:/home/somesh/.m2/repository/commons-codec/commons-codec/1.10/commons-codec-1.10.jar:/home/somesh/.m2/repository/org/eclipse/rdf4j/rdf4j-sail-api/2.0M2/rdf4j-sail-api-2.0M2.jar:/home/somesh/.m2/repository/org/eclipse/rdf4j/rdf4j-sail-federation/2.0M2/rdf4j-sail-federation-2.0M2.jar:/home/somesh/.m2/repository/org/eclipse/rdf4j/rdf4j-queryparser-api/2.0M2/rdf4j-queryparser-api-2.0M2.jar:/home/somesh/.m2/repository/org/eclipse/rdf4j/rdf4j-queryparser-serql/2.0M2/rdf4j-queryparser-serql-2.0M2.jar:/home/somesh/.m2/repository/org/eclipse/rdf4j/rdf4j-queryparser-sparql/2.0M2/rdf4j-queryparser-sparql-2.0M2.jar:/home/somesh/.m2/repository/org/eclipse/rdf4j/rdf4j-queryresultio-api/2.0M2/rdf4j-queryresultio-api-2.0M2.jar:/home/somesh/.m2/repository/org/eclipse/rdf4j/rdf4j-queryresultio-binary/2.0M2/rdf4j-queryresultio-binary-2.0M2.jar:/home/somesh/.m2/repository/org/eclipse/rdf4j/rdf4j-queryresultio-sparqljson/2.0M2/rdf4j-queryresultio-sparqljson-2.0M2.jar:/home/somesh/.m2/repository/com/fasterxml/jackson/core/jackson-core/2.6.2/jackson-core-2.6.2.jar:/home/somesh/.m2/repository/org/eclipse/rdf4j/rdf4j-queryresultio-sparqlxml/2.0M2/rdf4j-queryresultio-sparqlxml-2.0M2.jar:/home/somesh/.m2/repository/org/eclipse/rdf4j/rdf4j-queryresultio-text/2.0M2/rdf4j-queryresultio-text-2.0M2.jar:/home/somesh/.m2/repository/com/opencsv/opencsv/3.2/opencsv-3.2.jar:/home/somesh/.m2/repository/org/apache/commons/commons-lang3/3.3.2/commons-lang3-3.3.2.jar:/home/somesh/.m2/repository/org/eclipse/rdf4j/rdf4j-repository-dataset/2.0M2/rdf4j-repository-dataset-2.0M2.jar:/home/somesh/.m2/repository/org/eclipse/rdf4j/rdf4j-http-protocol/2.0M2/rdf4j-http-protocol-2.0M2.jar:/home/somesh/.m2/repository/org/eclipse/rdf4j/rdf4j-rio-api/2.0M2/rdf4j-rio-api-2.0M2.jar:/home/somesh/.m2/repository/org/eclipse/rdf4j/rdf4j-rio-datatypes/2.0M2/rdf4j-rio-datatypes-2.0M2.jar:/home/somesh/.m2/repository/org/eclipse/rdf4j/rdf4j-rio-languages/2.0M2/rdf4j-rio-languages-2.0M2.jar:/home/somesh/.m2/repository/org/eclipse/rdf4j/rdf4j-rio-binary/2.0M2/rdf4j-rio-binary-2.0M2.jar:/home/somesh/.m2/repository/org/eclipse/rdf4j/rdf4j-rio-jsonld/2.0M2/rdf4j-rio-jsonld-2.0M2.jar:/home/somesh/.m2/repository/com/github/jsonld-java/jsonld-java/0.7.0/jsonld-java-0.7.0.jar:/home/somesh/.m2/repository/com/fasterxml/jackson/core/jackson-databind/2.3.3/jackson-databind-2.3.3.jar:/home/somesh/.m2/repository/com/fasterxml/jackson/core/jackson-annotations/2.3.0/jackson-annotations-2.3.0.jar:/home/somesh/.m2/repository/org/apache/httpcomponents/httpclient-osgi/4.2.5/httpclient-osgi-4.2.5.jar:/home/somesh/.m2/repository/org/apache/httpcomponents/httpmime/4.2.5/httpmime-4.2.5.jar:/home/somesh/.m2/repository/org/apache/httpcomponents/httpclient-cache/4.2.5/httpclient-cache-4.2.5.jar:/home/somesh/.m2/repository/org/apache/httpcomponents/fluent-hc/4.2.5/fluent-hc-4.2.5.jar:/home/somesh/.m2/repository/org/apache/httpcomponents/httpcore-osgi/4.2.5/httpcore-osgi-4.2.5.jar:/home/somesh/.m2/repository/org/apache/httpcomponents/httpcore-nio/4.2.5/httpcore-nio-4.2.5.jar:/home/somesh/.m2/repository/org/slf4j/jcl-over-slf4j/1.7.9/jcl-over-slf4j-1.7.9.jar:/home/somesh/.m2/repository/commons-io/commons-io/2.4/commons-io-2.4.jar:/home/somesh/.m2/repository/org/eclipse/rdf4j/rdf4j-rio-ntriples/2.0M2/rdf4j-rio-ntriples-2.0M2.jar:/home/somesh/.m2/repository/org/eclipse/rdf4j/rdf4j-rio-nquads/2.0M2/rdf4j-rio-nquads-2.0M2.jar:/home/somesh/.m2/repository/org/eclipse/rdf4j/rdf4j-rio-n3/2.0M2/rdf4j-rio-n3-2.0M2.jar:/home/somesh/.m2/repository/org/eclipse/rdf4j/rdf4j-rio-rdfjson/2.0M2/rdf4j-rio-rdfjson-2.0M2.jar:/home/somesh/.m2/repository/org/eclipse/rdf4j/rdf4j-rio-rdfxml/2.0M2/rdf4j-rio-rdfxml-2.0M2.jar:/home/somesh/.m2/repository/org/eclipse/rdf4j/rdf4j-rio-trix/2.0M2/rdf4j-rio-trix-2.0M2.jar:/home/somesh/.m2/repository/org/eclipse/rdf4j/rdf4j-rio-turtle/2.0M2/rdf4j-rio-turtle-2.0M2.jar:/home/somesh/.m2/repository/org/eclipse/rdf4j/rdf4j-rio-trig/2.0M2/rdf4j-rio-trig-2.0M2.jar:/home/somesh/.m2/repository/org/eclipse/rdf4j/rdf4j-sail-inferencer/2.0M2/rdf4j-sail-inferencer-2.0M2.jar:/home/somesh/.m2/repository/org/eclipse/rdf4j/rdf4j-sail-model/2.0M2/rdf4j-sail-model-2.0M2.jar:/home/somesh/.m2/repository/org/eclipse/rdf4j/rdf4j-sail-lucene/2.0M2/rdf4j-sail-lucene-2.0M2.jar:/home/somesh/.m2/repository/org/eclipse/rdf4j/rdf4j-sail-lucene-api/2.0M2/rdf4j-sail-lucene-api-2.0M2.jar:/home/somesh/.m2/repository/com/spatial4j/spatial4j/0.4.1/spatial4j-0.4.1.jar:/home/somesh/.m2/repository/org/apache/lucene/lucene-core/5.2.1/lucene-core-5.2.1.jar:/home/somesh/.m2/repository/org/apache/lucene/lucene-queries/5.2.1/lucene-queries-5.2.1.jar:/home/somesh/.m2/repository/org/apache/lucene/lucene-highlighter/5.2.1/lucene-highlighter-5.2.1.jar:/home/somesh/.m2/repository/org/apache/lucene/lucene-join/5.2.1/lucene-join-5.2.1.jar:/home/somesh/.m2/repository/org/apache/lucene/lucene-memory/5.2.1/lucene-memory-5.2.1.jar:/home/somesh/.m2/repository/org/apache/lucene/lucene-analyzers-common/5.2.1/lucene-analyzers-common-5.2.1.jar:/home/somesh/.m2/repository/org/apache/lucene/lucene-queryparser/5.2.1/lucene-queryparser-5.2.1.jar:/home/somesh/.m2/repository/org/apache/lucene/lucene-sandbox/5.2.1/lucene-sandbox-5.2.1.jar:/home/somesh/.m2/repository/org/apache/lucene/lucene-spatial/5.2.1/lucene-spatial-5.2.1.jar:/home/somesh/.m2/repository/org/apache/lucene/lucene-misc/5.2.1/lucene-misc-5.2.1.jar:/home/somesh/.m2/repository/org/codehaus/mojo/animal-sniffer-annotations/1.14/animal-sniffer-annotations-1.14.jar:/home/somesh/.m2/repository/org/eclipse/rdf4j/rdf4j-sail-memory/2.0M2/rdf4j-sail-memory-2.0M2.jar:/home/somesh/.m2/repository/org/eclipse/rdf4j/rdf4j-sail-base/2.0M2/rdf4j-sail-base-2.0M2.jar:/home/somesh/.m2/repository/org/eclipse/rdf4j/rdf4j-sail-spin/2.0M2/rdf4j-sail-spin-2.0M2.jar:/home/somesh/.m2/repository/org/eclipse/rdf4j/rdf4j-spin/2.0M2/rdf4j-spin-2.0M2.jar:/home/somesh/.m2/repository/commons-lang/commons-lang/2.6/commons-lang-2.6.jar:/home/somesh/.m2/repository/org/eclipse/rdf4j/rdf4j-queryrender/2.0M2/rdf4j-queryrender-2.0M2.jar:/home/somesh/.m2/repository/org/eclipse/rdf4j/rdf4j-sail-nativerdf/2.0M2/rdf4j-sail-nativerdf-2.0M2.jar:/home/somesh/.m2/repository/junit/junit/4.12/junit-4.12.jar:/home/somesh/.m2/repository/org/hamcrest/hamcrest-core/1.3/hamcrest-core-1.3.jar:"/>
    <property name="java.vm.vendor" value="Private Build"/>
    <property name="sun.arch.data.model" value="64"/>
    <property name="java.vendor.url" value="http://java.oracle.com/"/>
    <property name="user.timezone" value=""/>
    <property name="java.vm.specification.version" value="1.8"/>
    <property name="os.name" value="Linux"/>
    <property name="user.country" value="IN"/>
    <property name="sun.java.launcher" value="SUN_STANDARD"/>
    <property name="sun.boot.library.path" value="/usr/lib/jvm/java-8-openjdk-amd64/jre/lib/amd64"/>
    <property name="sun.java.command" value="/home/somesh/Calculator/target/surefire/surefirebooter6354887607327323685.jar /home/somesh/Calculator/target/surefire 2020-05-09T00-31-22_114-jvmRun1 surefire8596958226139592657tmp surefire_086970991083153520tmp"/>
    <property name="surefire.test.class.path" value="/home/somesh/Calculator/target/test-classes:/home/somesh/Calculator/target/classes:/home/somesh/.m2/repository/ch/qos/logback/logback-classic/1.0.13/logback-classic-1.0.13.jar:/home/somesh/.m2/repository/ch/qos/logback/logback-core/1.0.13/logback-core-1.0.13.jar:/home/somesh/.m2/repository/org/slf4j/slf4j-api/1.7.5/slf4j-api-1.7.5.jar:/home/somesh/.m2/repository/org/eclipse/rdf4j/rdf4j-runtime/2.0M2/rdf4j-runtime-2.0M2.jar:/home/somesh/.m2/repository/org/eclipse/rdf4j/rdf4j-model/2.0M2/rdf4j-model-2.0M2.jar:/home/somesh/.m2/repository/org/eclipse/rdf4j/rdf4j-util/2.0M2/rdf4j-util-2.0M2.jar:/home/somesh/.m2/repository/com/google/guava/guava/18.0/guava-18.0.jar:/home/somesh/.m2/repository/org/eclipse/rdf4j/rdf4j-repository-api/2.0M2/rdf4j-repository-api-2.0M2.jar:/home/somesh/.m2/repository/org/eclipse/rdf4j/rdf4j-query/2.0M2/rdf4j-query-2.0M2.jar:/home/somesh/.m2/repository/org/eclipse/rdf4j/rdf4j-repository-manager/2.0M2/rdf4j-repository-manager-2.0M2.jar:/home/somesh/.m2/repository/org/eclipse/rdf4j/rdf4j-repository-event/2.0M2/rdf4j-repository-event-2.0M2.jar:/home/somesh/.m2/repository/org/eclipse/rdf4j/rdf4j-repository-http/2.0M2/rdf4j-repository-http-2.0M2.jar:/home/somesh/.m2/repository/org/eclipse/rdf4j/rdf4j-repository-sparql/2.0M2/rdf4j-repository-sparql-2.0M2.jar:/home/somesh/.m2/repository/org/eclipse/rdf4j/rdf4j-repository-contextaware/2.0M2/rdf4j-repository-contextaware-2.0M2.jar:/home/somesh/.m2/repository/org/eclipse/rdf4j/rdf4j-repository-sail/2.0M2/rdf4j-repository-sail-2.0M2.jar:/home/somesh/.m2/repository/org/eclipse/rdf4j/rdf4j-queryalgebra-model/2.0M2/rdf4j-queryalgebra-model-2.0M2.jar:/home/somesh/.m2/repository/org/eclipse/rdf4j/rdf4j-queryalgebra-evaluation/2.0M2/rdf4j-queryalgebra-evaluation-2.0M2.jar:/home/somesh/.m2/repository/org/mapdb/mapdb/1.0.8/mapdb-1.0.8.jar:/home/somesh/.m2/repository/org/eclipse/rdf4j/rdf4j-http-client/2.0M2/rdf4j-http-client-2.0M2.jar:/home/somesh/.m2/repository/org/apache/httpcomponents/httpclient/4.5.2/httpclient-4.5.2.jar:/home/somesh/.m2/repository/org/apache/httpcomponents/httpcore/4.4.4/httpcore-4.4.4.jar:/home/somesh/.m2/repository/commons-codec/commons-codec/1.10/commons-codec-1.10.jar:/home/somesh/.m2/repository/org/eclipse/rdf4j/rdf4j-sail-api/2.0M2/rdf4j-sail-api-2.0M2.jar:/home/somesh/.m2/repository/org/eclipse/rdf4j/rdf4j-sail-federation/2.0M2/rdf4j-sail-federation-2.0M2.jar:/home/somesh/.m2/repository/org/eclipse/rdf4j/rdf4j-queryparser-api/2.0M2/rdf4j-queryparser-api-2.0M2.jar:/home/somesh/.m2/repository/org/eclipse/rdf4j/rdf4j-queryparser-serql/2.0M2/rdf4j-queryparser-serql-2.0M2.jar:/home/somesh/.m2/repository/org/eclipse/rdf4j/rdf4j-queryparser-sparql/2.0M2/rdf4j-queryparser-sparql-2.0M2.jar:/home/somesh/.m2/repository/org/eclipse/rdf4j/rdf4j-queryresultio-api/2.0M2/rdf4j-queryresultio-api-2.0M2.jar:/home/somesh/.m2/repository/org/eclipse/rdf4j/rdf4j-queryresultio-binary/2.0M2/rdf4j-queryresultio-binary-2.0M2.jar:/home/somesh/.m2/repository/org/eclipse/rdf4j/rdf4j-queryresultio-sparqljson/2.0M2/rdf4j-queryresultio-sparqljson-2.0M2.jar:/home/somesh/.m2/repository/com/fasterxml/jackson/core/jackson-core/2.6.2/jackson-core-2.6.2.jar:/home/somesh/.m2/repository/org/eclipse/rdf4j/rdf4j-queryresultio-sparqlxml/2.0M2/rdf4j-queryresultio-sparqlxml-2.0M2.jar:/home/somesh/.m2/repository/org/eclipse/rdf4j/rdf4j-queryresultio-text/2.0M2/rdf4j-queryresultio-text-2.0M2.jar:/home/somesh/.m2/repository/com/opencsv/opencsv/3.2/opencsv-3.2.jar:/home/somesh/.m2/repository/org/apache/commons/commons-lang3/3.3.2/commons-lang3-3.3.2.jar:/home/somesh/.m2/repository/org/eclipse/rdf4j/rdf4j-repository-dataset/2.0M2/rdf4j-repository-dataset-2.0M2.jar:/home/somesh/.m2/repository/org/eclipse/rdf4j/rdf4j-http-protocol/2.0M2/rdf4j-http-protocol-2.0M2.jar:/home/somesh/.m2/repository/org/eclipse/rdf4j/rdf4j-rio-api/2.0M2/rdf4j-rio-api-2.0M2.jar:/home/somesh/.m2/repository/org/eclipse/rdf4j/rdf4j-rio-datatypes/2.0M2/rdf4j-rio-datatypes-2.0M2.jar:/home/somesh/.m2/repository/org/eclipse/rdf4j/rdf4j-rio-languages/2.0M2/rdf4j-rio-languages-2.0M2.jar:/home/somesh/.m2/repository/org/eclipse/rdf4j/rdf4j-rio-binary/2.0M2/rdf4j-rio-binary-2.0M2.jar:/home/somesh/.m2/repository/org/eclipse/rdf4j/rdf4j-rio-jsonld/2.0M2/rdf4j-rio-jsonld-2.0M2.jar:/home/somesh/.m2/repository/com/github/jsonld-java/jsonld-java/0.7.0/jsonld-java-0.7.0.jar:/home/somesh/.m2/repository/com/fasterxml/jackson/core/jackson-databind/2.3.3/jackson-databind-2.3.3.jar:/home/somesh/.m2/repository/com/fasterxml/jackson/core/jackson-annotations/2.3.0/jackson-annotations-2.3.0.jar:/home/somesh/.m2/repository/org/apache/httpcomponents/httpclient-osgi/4.2.5/httpclient-osgi-4.2.5.jar:/home/somesh/.m2/repository/org/apache/httpcomponents/httpmime/4.2.5/httpmime-4.2.5.jar:/home/somesh/.m2/repository/org/apache/httpcomponents/httpclient-cache/4.2.5/httpclient-cache-4.2.5.jar:/home/somesh/.m2/repository/org/apache/httpcomponents/fluent-hc/4.2.5/fluent-hc-4.2.5.jar:/home/somesh/.m2/repository/org/apache/httpcomponents/httpcore-osgi/4.2.5/httpcore-osgi-4.2.5.jar:/home/somesh/.m2/repository/org/apache/httpcomponents/httpcore-nio/4.2.5/httpcore-nio-4.2.5.jar:/home/somesh/.m2/repository/org/slf4j/jcl-over-slf4j/1.7.9/jcl-over-slf4j-1.7.9.jar:/home/somesh/.m2/repository/commons-io/commons-io/2.4/commons-io-2.4.jar:/home/somesh/.m2/repository/org/eclipse/rdf4j/rdf4j-rio-ntriples/2.0M2/rdf4j-rio-ntriples-2.0M2.jar:/home/somesh/.m2/repository/org/eclipse/rdf4j/rdf4j-rio-nquads/2.0M2/rdf4j-rio-nquads-2.0M2.jar:/home/somesh/.m2/repository/org/eclipse/rdf4j/rdf4j-rio-n3/2.0M2/rdf4j-rio-n3-2.0M2.jar:/home/somesh/.m2/repository/org/eclipse/rdf4j/rdf4j-rio-rdfjson/2.0M2/rdf4j-rio-rdfjson-2.0M2.jar:/home/somesh/.m2/repository/org/eclipse/rdf4j/rdf4j-rio-rdfxml/2.0M2/rdf4j-rio-rdfxml-2.0M2.jar:/home/somesh/.m2/repository/org/eclipse/rdf4j/rdf4j-rio-trix/2.0M2/rdf4j-rio-trix-2.0M2.jar:/home/somesh/.m2/repository/org/eclipse/rdf4j/rdf4j-rio-turtle/2.0M2/rdf4j-rio-turtle-2.0M2.jar:/home/somesh/.m2/repository/org/eclipse/rdf4j/rdf4j-rio-trig/2.0M2/rdf4j-rio-trig-2.0M2.jar:/home/somesh/.m2/repository/org/eclipse/rdf4j/rdf4j-sail-inferencer/2.0M2/rdf4j-sail-inferencer-2.0M2.jar:/home/somesh/.m2/repository/org/eclipse/rdf4j/rdf4j-sail-model/2.0M2/rdf4j-sail-model-2.0M2.jar:/home/somesh/.m2/repository/org/eclipse/rdf4j/rdf4j-sail-lucene/2.0M2/rdf4j-sail-lucene-2.0M2.jar:/home/somesh/.m2/repository/org/eclipse/rdf4j/rdf4j-sail-lucene-api/2.0M2/rdf4j-sail-lucene-api-2.0M2.jar:/home/somesh/.m2/repository/com/spatial4j/spatial4j/0.4.1/spatial4j-0.4.1.jar:/home/somesh/.m2/repository/org/apache/lucene/lucene-core/5.2.1/lucene-core-5.2.1.jar:/home/somesh/.m2/repository/org/apache/lucene/lucene-queries/5.2.1/lucene-queries-5.2.1.jar:/home/somesh/.m2/repository/org/apache/lucene/lucene-highlighter/5.2.1/lucene-highlighter-5.2.1.jar:/home/somesh/.m2/repository/org/apache/lucene/lucene-join/5.2.1/lucene-join-5.2.1.jar:/home/somesh/.m2/repository/org/apache/lucene/lucene-memory/5.2.1/lucene-memory-5.2.1.jar:/home/somesh/.m2/repository/org/apache/lucene/lucene-analyzers-common/5.2.1/lucene-analyzers-common-5.2.1.jar:/home/somesh/.m2/repository/org/apache/lucene/lucene-queryparser/5.2.1/lucene-queryparser-5.2.1.jar:/home/somesh/.m2/repository/org/apache/lucene/lucene-sandbox/5.2.1/lucene-sandbox-5.2.1.jar:/home/somesh/.m2/repository/org/apache/lucene/lucene-spatial/5.2.1/lucene-spatial-5.2.1.jar:/home/somesh/.m2/repository/org/apache/lucene/lucene-misc/5.2.1/lucene-misc-5.2.1.jar:/home/somesh/.m2/repository/org/codehaus/mojo/animal-sniffer-annotations/1.14/animal-sniffer-annotations-1.14.jar:/home/somesh/.m2/repository/org/eclipse/rdf4j/rdf4j-sail-memory/2.0M2/rdf4j-sail-memory-2.0M2.jar:/home/somesh/.m2/repository/org/eclipse/rdf4j/rdf4j-sail-base/2.0M2/rdf4j-sail-base-2.0M2.jar:/home/somesh/.m2/repository/org/eclipse/rdf4j/rdf4j-sail-spin/2.0M2/rdf4j-sail-spin-2.0M2.jar:/home/somesh/.m2/repository/org/eclipse/rdf4j/rdf4j-spin/2.0M2/rdf4j-spin-2.0M2.jar:/home/somesh/.m2/repository/commons-lang/commons-lang/2.6/commons-lang-2.6.jar:/home/somesh/.m2/repository/org/eclipse/rdf4j/rdf4j-queryrender/2.0M2/rdf4j-queryrender-2.0M2.jar:/home/somesh/.m2/repository/org/eclipse/rdf4j/rdf4j-sail-nativerdf/2.0M2/rdf4j-sail-nativerdf-2.0M2.jar:/home/somesh/.m2/repository/junit/junit/4.12/junit-4.12.jar:/home/somesh/.m2/repository/org/hamcrest/hamcrest-core/1.3/hamcrest-core-1.3.jar:"/>
    <property name="sun.cpu.endian" value="little"/>
    <property name="user.home" value="/home/somesh"/>
    <property name="user.language" value="en"/>
    <property name="java.specification.vendor" value="Oracle Corporation"/>
    <property name="java.home" value="/usr/lib/jvm/java-8-openjdk-amd64/jre"/>
    <property name="basedir" value="/home/somesh/Calculator"/>
    <property name="file.separator" value="/"/>
    <property name="line.separator" value="&#10;"/>
    <property name="java.vm.specification.vendor" value="Oracle Corporation"/>
    <property name="java.specification.name" value="Java Platform API Specification"/>
    <property name="java.awt.graphicsenv" value="sun.awt.X11GraphicsEnvironment"/>
    <property name="surefire.real.class.path" value="/home/somesh/Calculator/target/surefire/surefirebooter6354887607327323685.jar"/>
    <property name="sun.boot.class.path" value="/usr/lib/jvm/java-8-openjdk-amd64/jre/lib/resources.jar:/usr/lib/jvm/java-8-openjdk-amd64/jre/lib/rt.jar:/usr/lib/jvm/java-8-openjdk-amd64/jre/lib/sunrsasign.jar:/usr/lib/jvm/java-8-openjdk-amd64/jre/lib/jsse.jar:/usr/lib/jvm/java-8-openjdk-amd64/jre/lib/jce.jar:/usr/lib/jvm/java-8-openjdk-amd64/jre/lib/charsets.jar:/usr/lib/jvm/java-8-openjdk-amd64/jre/lib/jfr.jar:/usr/lib/jvm/java-8-openjdk-amd64/jre/classes"/>
    <property name="sun.management.compiler" value="HotSpot 64-Bit Tiered Compilers"/>
    <property name="java.runtime.version" value="1.8.0_242-8u242-b08-0ubuntu3~18.04-b08"/>
    <property name="user.name" value="somesh"/>
    <property name="path.separator" value=":"/>
    <property name="os.version" value="5.0.0-23-generic"/>
    <property name="java.endorsed.dirs" value="/usr/lib/jvm/java-8-openjdk-amd64/jre/lib/endorsed"/>
    <property name="java.runtime.name" value="OpenJDK Runtime Environment"/>
    <property name="file.encoding" value="UTF-8"/>
    <property name="java.vm.name" value="OpenJDK 64-Bit Server VM"/>
    <property name="localRepository" value="/home/somesh/.m2/repository"/>
    <property name="java.vendor.url.bug" value="http://bugreport.sun.com/bugreport/"/>
    <property name="java.io.tmpdir" value="/tmp"/>
    <property name="java.version" value="1.8.0_242"/>
    <property name="user.dir" value="/home/somesh/Calculator"/>
    <property name="os.arch" value="amd64"/>
    <property name="java.vm.specification.name" value="Java Virtual Machine Specification"/>
    <property name="java.awt.printerjob" value="sun.print.PSPrinterJob"/>
    <property name="sun.os.patch.level" value="unknown"/>
    <property name="java.library.path" value="/usr/java/packages/lib/amd64:/usr/lib/x86_64-linux-gnu/jni:/lib/x86_64-linux-gnu:/usr/lib/x86_64-linux-gnu:/usr/lib/jni:/lib:/usr/lib"/>
    <property name="java.vm.info" value="mixed mode"/>
    <property name="java.vendor" value="Private Build"/>
    <property name="java.vm.version" value="25.242-b08"/>
    <property name="java.ext.dirs" value="/usr/lib/jvm/java-8-openjdk-amd64/jre/lib/ext:/usr/java/packages/lib/ext"/>
    <property name="sun.io.unicode.encoding" value="UnicodeLittle"/>
    <property name="java.class.version" value="52.0"/>
  </properties>
  <testcase name="testDivideByZero" classname="com.Calculator.CalculatorTests" time="0.005"/>
  <testcase name="testAdd" classname="com.Calculator.CalculatorTests" time="0"/>
  <testcase name="testSubtract" classname="com.Calculator.CalculatorTests" time="0"/>
  <testcase name="testDivide" classname="com.Calculator.CalculatorTests" time="0"/>
  <testcase name="testMultiply" classname="com.Calculator.CalculatorTests" time="0"/>
</testsuite>